  main.cpp
C:\Program Files (x86)\Windows Kits\10\Include\10.0.19041.0\shared\minwindef.h(130,1): warning C4005: 'APIENTRY': macro redefinition
C:\Users\Kitty\Desktop\SHIT 3.1\PG\Labs\Laboratoare\Laboratoare\OpenGL dev libs\include\GLFW\glfw3.h(123): message : see previous definition of 'APIENTRY'
C:\Users\Kitty\Desktop\SHIT 3.1\PG\Labs\Laboratoare\Laboratoare\main.cpp(203,12): warning C4244: '=': conversion from 'double' to 'float', possible loss of data
C:\Users\Kitty\Desktop\SHIT 3.1\PG\Labs\Laboratoare\Laboratoare\main.cpp(204,12): warning C4244: '=': conversion from 'double' to 'float', possible loss of data
C:\Users\Kitty\Desktop\SHIT 3.1\PG\Labs\Laboratoare\Laboratoare\main.cpp(208,17): warning C4244: 'initializing': conversion from 'double' to 'float', possible loss of data
C:\Users\Kitty\Desktop\SHIT 3.1\PG\Labs\Laboratoare\Laboratoare\main.cpp(209,17): warning C4244: 'initializing': conversion from 'double' to 'float', possible loss of data
C:\Users\Kitty\Desktop\SHIT 3.1\PG\Labs\Laboratoare\Laboratoare\main.cpp(210,11): warning C4244: '=': conversion from 'double' to 'float', possible loss of data
C:\Users\Kitty\Desktop\SHIT 3.1\PG\Labs\Laboratoare\Laboratoare\main.cpp(211,11): warning C4244: '=': conversion from 'double' to 'float', possible loss of data
C:\Users\Kitty\Desktop\SHIT 3.1\PG\Labs\Laboratoare\Laboratoare\main.cpp(301,16): warning C4305: '+=': truncation from 'double' to 'float'
C:\Users\Kitty\Desktop\SHIT 3.1\PG\Labs\Laboratoare\Laboratoare\main.cpp(305,16): warning C4305: '-=': truncation from 'double' to 'float'
C:\Users\Kitty\Desktop\SHIT 3.1\PG\Labs\Laboratoare\Laboratoare\main.cpp(309,16): warning C4305: '-=': truncation from 'double' to 'float'
C:\Users\Kitty\Desktop\SHIT 3.1\PG\Labs\Laboratoare\Laboratoare\main.cpp(313,16): warning C4305: '+=': truncation from 'double' to 'float'
C:\Users\Kitty\Desktop\SHIT 3.1\PG\Labs\Laboratoare\Laboratoare\main.cpp(317,16): warning C4305: '+=': truncation from 'double' to 'float'
C:\Users\Kitty\Desktop\SHIT 3.1\PG\Labs\Laboratoare\Laboratoare\main.cpp(321,16): warning C4305: '-=': truncation from 'double' to 'float'
C:\Users\Kitty\Desktop\SHIT 3.1\PG\Labs\Laboratoare\Laboratoare\main.cpp(326,17): warning C4305: '+=': truncation from 'double' to 'float'
C:\Users\Kitty\Desktop\SHIT 3.1\PG\Labs\Laboratoare\Laboratoare\main.cpp(330,17): warning C4305: '-=': truncation from 'double' to 'float'
C:\Users\Kitty\Desktop\SHIT 3.1\PG\Labs\Laboratoare\Laboratoare\main.cpp(334,17): warning C4305: '-=': truncation from 'double' to 'float'
C:\Users\Kitty\Desktop\SHIT 3.1\PG\Labs\Laboratoare\Laboratoare\main.cpp(338,17): warning C4305: '+=': truncation from 'double' to 'float'
C:\Users\Kitty\Desktop\SHIT 3.1\PG\Labs\Laboratoare\Laboratoare\main.cpp(342,17): warning C4305: '-=': truncation from 'double' to 'float'
C:\Users\Kitty\Desktop\SHIT 3.1\PG\Labs\Laboratoare\Laboratoare\main.cpp(346,17): warning C4305: '+=': truncation from 'double' to 'float'
C:\Users\Kitty\Desktop\SHIT 3.1\PG\Labs\Laboratoare\Laboratoare\main.cpp(435,33): warning C4305: 'argument': truncation from 'double' to 'GLclampf'
C:\Users\Kitty\Desktop\SHIT 3.1\PG\Labs\Laboratoare\Laboratoare\main.cpp(566,16): warning C4305: '+=': truncation from 'double' to 'float'
C:\Users\Kitty\Desktop\SHIT 3.1\PG\Labs\Laboratoare\Laboratoare\main.cpp(567,17): warning C4305: '-=': truncation from 'double' to 'float'
x64\Debug\stb_image.obj : warning LNK4042: object specified more than once; extras ignored
LINK : warning LNK4217: symbol '__glewActiveTexture' defined in 'libglew32d.lib(glew.obj)' is imported by 'Mesh.obj' in function '"public: void __cdecl gps::Mesh::Draw(class gps::Shader)" (?Draw@Mesh@gps@@QEAAXVShader@2@@Z)'
LINK : warning LNK4217: symbol '__glewBindBuffer' defined in 'libglew32d.lib(glew.obj)' is imported by 'Mesh.obj' in function '"private: void __cdecl gps::Mesh::setupMesh(void)" (?setupMesh@Mesh@gps@@AEAAXXZ)'
LINK : warning LNK4217: symbol '__glewBufferData' defined in 'libglew32d.lib(glew.obj)' is imported by 'Mesh.obj' in function '"private: void __cdecl gps::Mesh::setupMesh(void)" (?setupMesh@Mesh@gps@@AEAAXXZ)'
LINK : warning LNK4217: symbol '__glewGenBuffers' defined in 'libglew32d.lib(glew.obj)' is imported by 'Mesh.obj' in function '"private: void __cdecl gps::Mesh::setupMesh(void)" (?setupMesh@Mesh@gps@@AEAAXXZ)'
LINK : warning LNK4217: symbol '__glewEnableVertexAttribArray' defined in 'libglew32d.lib(glew.obj)' is imported by 'Mesh.obj' in function '"private: void __cdecl gps::Mesh::setupMesh(void)" (?setupMesh@Mesh@gps@@AEAAXXZ)'
LINK : warning LNK4217: symbol '__glewGetUniformLocation' defined in 'libglew32d.lib(glew.obj)' is imported by 'Mesh.obj' in function '"public: void __cdecl gps::Mesh::Draw(class gps::Shader)" (?Draw@Mesh@gps@@QEAAXVShader@2@@Z)'
LINK : warning LNK4217: symbol '__glewUniform1i' defined in 'libglew32d.lib(glew.obj)' is imported by 'Mesh.obj' in function '"public: void __cdecl gps::Mesh::Draw(class gps::Shader)" (?Draw@Mesh@gps@@QEAAXVShader@2@@Z)'
LINK : warning LNK4217: symbol '__glewVertexAttribPointer' defined in 'libglew32d.lib(glew.obj)' is imported by 'Mesh.obj' in function '"private: void __cdecl gps::Mesh::setupMesh(void)" (?setupMesh@Mesh@gps@@AEAAXXZ)'
LINK : warning LNK4217: symbol '__glewBindVertexArray' defined in 'libglew32d.lib(glew.obj)' is imported by 'Mesh.obj' in function '"public: void __cdecl gps::Mesh::Draw(class gps::Shader)" (?Draw@Mesh@gps@@QEAAXVShader@2@@Z)'
LINK : warning LNK4217: symbol '__glewGenVertexArrays' defined in 'libglew32d.lib(glew.obj)' is imported by 'Mesh.obj' in function '"private: void __cdecl gps::Mesh::setupMesh(void)" (?setupMesh@Mesh@gps@@AEAAXXZ)'
LINK : warning LNK4217: symbol '__glewDeleteBuffers' defined in 'libglew32d.lib(glew.obj)' is imported by 'Model3D.obj' in function '"public: __cdecl gps::Model3D::~Model3D(void)" (??1Model3D@gps@@QEAA@XZ)'
LINK : warning LNK4217: symbol '__glewGenerateMipmap' defined in 'libglew32d.lib(glew.obj)' is imported by 'Model3D.obj' in function '"private: unsigned int __cdecl gps::Model3D::ReadTextureFromFile(char const *)" (?ReadTextureFromFile@Model3D@gps@@AEAAIPEBD@Z)'
LINK : warning LNK4217: symbol '__glewDeleteVertexArrays' defined in 'libglew32d.lib(glew.obj)' is imported by 'Model3D.obj' in function '"public: __cdecl gps::Model3D::~Model3D(void)" (??1Model3D@gps@@QEAA@XZ)'
glfw3.lib(context.obj) : warning LNK4099: PDB 'glfw3.pdb' was not found with 'glfw3.lib(context.obj)' or at 'C:\Users\Kitty\Desktop\SHIT 3.1\PG\Labs\Laboratoare\x64\Debug\glfw3.pdb'; linking object as if no debug info
glfw3.lib(init.obj) : warning LNK4099: PDB 'glfw3.pdb' was not found with 'glfw3.lib(init.obj)' or at 'C:\Users\Kitty\Desktop\SHIT 3.1\PG\Labs\Laboratoare\x64\Debug\glfw3.pdb'; linking object as if no debug info
glfw3.lib(input.obj) : warning LNK4099: PDB 'glfw3.pdb' was not found with 'glfw3.lib(input.obj)' or at 'C:\Users\Kitty\Desktop\SHIT 3.1\PG\Labs\Laboratoare\x64\Debug\glfw3.pdb'; linking object as if no debug info
glfw3.lib(monitor.obj) : warning LNK4099: PDB 'glfw3.pdb' was not found with 'glfw3.lib(monitor.obj)' or at 'C:\Users\Kitty\Desktop\SHIT 3.1\PG\Labs\Laboratoare\x64\Debug\glfw3.pdb'; linking object as if no debug info
glfw3.lib(vulkan.obj) : warning LNK4099: PDB 'glfw3.pdb' was not found with 'glfw3.lib(vulkan.obj)' or at 'C:\Users\Kitty\Desktop\SHIT 3.1\PG\Labs\Laboratoare\x64\Debug\glfw3.pdb'; linking object as if no debug info
glfw3.lib(window.obj) : warning LNK4099: PDB 'glfw3.pdb' was not found with 'glfw3.lib(window.obj)' or at 'C:\Users\Kitty\Desktop\SHIT 3.1\PG\Labs\Laboratoare\x64\Debug\glfw3.pdb'; linking object as if no debug info
glfw3.lib(win32_init.obj) : warning LNK4099: PDB 'glfw3.pdb' was not found with 'glfw3.lib(win32_init.obj)' or at 'C:\Users\Kitty\Desktop\SHIT 3.1\PG\Labs\Laboratoare\x64\Debug\glfw3.pdb'; linking object as if no debug info
glfw3.lib(win32_joystick.obj) : warning LNK4099: PDB 'glfw3.pdb' was not found with 'glfw3.lib(win32_joystick.obj)' or at 'C:\Users\Kitty\Desktop\SHIT 3.1\PG\Labs\Laboratoare\x64\Debug\glfw3.pdb'; linking object as if no debug info
glfw3.lib(win32_monitor.obj) : warning LNK4099: PDB 'glfw3.pdb' was not found with 'glfw3.lib(win32_monitor.obj)' or at 'C:\Users\Kitty\Desktop\SHIT 3.1\PG\Labs\Laboratoare\x64\Debug\glfw3.pdb'; linking object as if no debug info
glfw3.lib(win32_time.obj) : warning LNK4099: PDB 'glfw3.pdb' was not found with 'glfw3.lib(win32_time.obj)' or at 'C:\Users\Kitty\Desktop\SHIT 3.1\PG\Labs\Laboratoare\x64\Debug\glfw3.pdb'; linking object as if no debug info
glfw3.lib(win32_thread.obj) : warning LNK4099: PDB 'glfw3.pdb' was not found with 'glfw3.lib(win32_thread.obj)' or at 'C:\Users\Kitty\Desktop\SHIT 3.1\PG\Labs\Laboratoare\x64\Debug\glfw3.pdb'; linking object as if no debug info
glfw3.lib(win32_window.obj) : warning LNK4099: PDB 'glfw3.pdb' was not found with 'glfw3.lib(win32_window.obj)' or at 'C:\Users\Kitty\Desktop\SHIT 3.1\PG\Labs\Laboratoare\x64\Debug\glfw3.pdb'; linking object as if no debug info
glfw3.lib(wgl_context.obj) : warning LNK4099: PDB 'glfw3.pdb' was not found with 'glfw3.lib(wgl_context.obj)' or at 'C:\Users\Kitty\Desktop\SHIT 3.1\PG\Labs\Laboratoare\x64\Debug\glfw3.pdb'; linking object as if no debug info
glfw3.lib(egl_context.obj) : warning LNK4099: PDB 'glfw3.pdb' was not found with 'glfw3.lib(egl_context.obj)' or at 'C:\Users\Kitty\Desktop\SHIT 3.1\PG\Labs\Laboratoare\x64\Debug\glfw3.pdb'; linking object as if no debug info
glfw3.lib(osmesa_context.obj) : warning LNK4099: PDB 'glfw3.pdb' was not found with 'glfw3.lib(osmesa_context.obj)' or at 'C:\Users\Kitty\Desktop\SHIT 3.1\PG\Labs\Laboratoare\x64\Debug\glfw3.pdb'; linking object as if no debug info
libglew32d.lib(glew.obj) : warning LNK4099: PDB 'libglew32d.pdb' was not found with 'libglew32d.lib(glew.obj)' or at 'C:\Users\Kitty\Desktop\SHIT 3.1\PG\Labs\Laboratoare\x64\Debug\libglew32d.pdb'; linking object as if no debug info
  Laboratoare.vcxproj -> C:\Users\Kitty\Desktop\SHIT 3.1\PG\Labs\Laboratoare\x64\Debug\Laboratoare.exe

Project Performance Summary:
     1930 ms  C:\Users\Kitty\Desktop\SHIT 3.1\PG\Labs\Laboratoare\Laboratoare\Laboratoare.vcxproj   1 calls
               1930 ms  Build                                      1 calls

Target Performance Summary:
        0 ms  AfterBuildCompileEvent                     1 calls
        0 ms  AfterLink                                  1 calls
        0 ms  ComputeLinkImportLibraryOutputsForClean    1 calls
        0 ms  ComputeLinkSwitches                        1 calls
        0 ms  PreLinkEvent                               1 calls
        0 ms  MakeDirsForLink                            1 calls
        0 ms  PrepareResourceNames                       1 calls
        0 ms  CreateCustomManifestResourceNames          1 calls
        0 ms  ComputeLinkInputsFromProject               1 calls
        0 ms  ComputeCLGeneratedLinkInputs               1 calls
        0 ms  ComputeManifestGeneratedLinkerInputs       1 calls
        0 ms  ComputeRCGeneratedLinkInputs               1 calls
        0 ms  ComputeRCOutputs                           1 calls
        0 ms  BeforeLink                                 1 calls
        0 ms  ComputeLegacyManifestEmbedding             1 calls
        0 ms  BuildLinkTraverse                          1 calls
        0 ms  BuildCompile                               1 calls
        0 ms  _BuildCompileAction                        1 calls
        0 ms  _ResourceCompile                           1 calls
        0 ms  AfterResourceCompile                       1 calls
        0 ms  BeforeResourceCompile                      1 calls
        0 ms  _ClCompile                                 1 calls
        0 ms  _Link                                      1 calls
        0 ms  _ALink                                     1 calls
        0 ms  _Manifest                                  1 calls
        0 ms  ResolvedXDCMake                            1 calls
        0 ms  AfterBuild                                 1 calls
        0 ms  BuildLink                                  1 calls
        0 ms  _BuildLinkAction                           1 calls
        0 ms  PostBuildEvent                             1 calls
        0 ms  PrepareForRun                              1 calls
        0 ms  CopyFilesToOutputDirectory                 1 calls
        0 ms  _CheckForCompileOutputs                    1 calls
        0 ms  _CopySourceItemsToOutputDirectory          1 calls
        0 ms  _GetCopyToOutputDirectoryItemsFromTransitiveProjectReferences   1 calls
        0 ms  GetCopyToOutputDirectoryXamlAppDefs        1 calls
        0 ms  AfterClCompile                             1 calls
        0 ms  _PopulateCommonStateForGetCopyToOutputDirectoryItems   1 calls
        0 ms  _Appverifier                               1 calls
        0 ms  CreateSatelliteAssemblies                  1 calls
        0 ms  _GenerateSatelliteAssemblyInputs           1 calls
        0 ms  MakeDirsForFxc                             1 calls
        0 ms  _BscMake                                   1 calls
        0 ms  MakeDirsForBscMake                         1 calls
        0 ms  ComputeCLCompileGeneratedSbrFiles          1 calls
        0 ms  _XdcMake                                   1 calls
        0 ms  MakeDirsForXdcMake                         1 calls
        0 ms  ComputeCLCompileGeneratedXDCFiles          1 calls
        0 ms  _Deploy                                    1 calls
        0 ms  SelectClCompile                            1 calls
        0 ms  Build                                      1 calls
        0 ms  _SelectedFiles                             1 calls
        0 ms  SelectCustomBuild                          1 calls
        0 ms  PreBuildEvent                              1 calls
        0 ms  BeforeBuildGenerateSources                 1 calls
        0 ms  BuildGenerateSourcesTraverse               1 calls
        0 ms  ResolveReferences                          1 calls
        0 ms  AfterResolveReferences                     1 calls
        0 ms  ResolveAssemblyReferences                  1 calls
        0 ms  ExpandSDKReferences                        1 calls
        0 ms  ResolveSDKReferences                       1 calls
        0 ms  SetCABuildNativeEnvironmentVariables       1 calls
        0 ms  _CheckWindowsSDKInstalled                  1 calls
        0 ms  SetBuildDefaultEnvironmentVariables        1 calls
        0 ms  AddExternalIncludDirectoriesToPaths        1 calls
        0 ms  GetFrameworkPaths                          1 calls
        0 ms  _PrepareForReferenceResolution             1 calls
        0 ms  PrepareProjectReferences                   1 calls
        0 ms  _AddOutputPathToGlobalPropertiesToRemove   1 calls
        0 ms  ComputeCustomBuildOutput                   1 calls
        0 ms  _Xsd                                       1 calls
        0 ms  BeforeResolveReferences                    1 calls
        0 ms  BuildGenerateSources                       1 calls
        0 ms  _BuildGenerateSourcesAction                1 calls
        0 ms  AfterBuildGenerateSourcesEvent             1 calls
        0 ms  ComputeCLInputPDBName                      1 calls
        0 ms  AfterBuildGenerateSources                  1 calls
        0 ms  _Midl                                      1 calls
        0 ms  AfterMidl                                  1 calls
        0 ms  BeforeClCompile                            1 calls
        0 ms  BuildCompileTraverse                       1 calls
        0 ms  FindReferenceAssembliesForReferences       1 calls
        0 ms  ComputeMIDLGeneratedCompileInputs          1 calls
        0 ms  GetReferencedVCProjectsInfo                1 calls
        0 ms  MakeDirsForMidl                            1 calls
        1 ms  DoLinkOutputFilesMatch                     1 calls
        1 ms  ComputeReferenceCLInput                    1 calls
        1 ms  MakeDirsForResourceCompile                 1 calls
        1 ms  BuiltProjectOutputGroup                    1 calls
        1 ms  GetResolvedWinMD                           1 calls
        1 ms  ContentFilesProjectOutputGroup             1 calls
        1 ms  _GetCopyToOutputDirectoryItemsFromThisProject   1 calls
        1 ms  _SplitProjectReferencesByFileExistence     1 calls
        1 ms  ComputeManifestInputsTargets               1 calls
        1 ms  FinalizeBuildStatus                        1 calls
        1 ms  _PrepareForBuild                           1 calls
        1 ms  _GetProjectReferenceTargetFrameworkProperties   1 calls
        1 ms  ComputeCLOutputs                           1 calls
        1 ms  AssignProjectConfiguration                 1 calls
        1 ms  CopyFileToFolders                          1 calls
        1 ms  RegisterOutput                             1 calls
        1 ms  IncrementalClean                           1 calls
        1 ms  AssignTargetPaths                          1 calls
        1 ms  GetReferenceAssemblyPaths                  1 calls
        1 ms  SatelliteDllsProjectOutputGroup            1 calls
        2 ms  GetCopyToOutputDirectoryItems              1 calls
        2 ms  SplitResourcesByCulture                    1 calls
        2 ms  FixupCLCompileOptions                      1 calls
        3 ms  WarnCompileDuplicatedFilename              1 calls
        3 ms  _CleanGetCurrentAndPriorFileWrites         1 calls
        3 ms  MakeDirsForCl                              1 calls
        4 ms  CustomBuild                                1 calls
        4 ms  SetTelemetryEnvironmentVariables           1 calls
        6 ms  InitializeBuildStatus                      1 calls
        9 ms  PrepareForBuild                            1 calls
       10 ms  ResolveProjectReferences                   1 calls
       11 ms  CreateRecipeFile                           1 calls
       12 ms  _CheckForInvalidConfigurationAndPlatform   1 calls
      550 ms  Link                                       1 calls
     1283 ms  ClCompile                                  1 calls

Task Performance Summary:
        0 ms  MSBuild                                    1 calls
        0 ms  WriteLinesToFile                           1 calls
        0 ms  RemoveDuplicates                           2 calls
        1 ms  CallTarget                                 2 calls
        1 ms  AssignCulture                              1 calls
        1 ms  Delete                                     2 calls
        1 ms  SetEnv                                     9 calls
        1 ms  AssignProjectConfiguration                 1 calls
        1 ms  AssignTargetPath                           7 calls
        1 ms  CreateItem                                 2 calls
        1 ms  ConvertToAbsolutePath                      1 calls
        1 ms  CheckVCToolsetVersion                      1 calls
        2 ms  MakeDir                                   10 calls
        2 ms  Message                                    3 calls
        2 ms  ReadLinesFromFile                          2 calls
        3 ms  FindUnderPath                              5 calls
        4 ms  Touch                                      2 calls
        5 ms  GetOutOfDateItems                          3 calls
       11 ms  GenerateDesktopDeployRecipe                1 calls
      549 ms  Link                                       1 calls
     1283 ms  CL                                         2 calls
